<?xml version="1.0" encoding="UTF-8"?>
<!-- Generated by org.testng.reporters.JUnitReportReporter -->
<testsuite hostname="LAPTOP-F622RA9C" failures="0" tests="2" name="com.onlineshopping.qa.testcases.AccountPageTest" time="9.506" errors="0" timestamp="2024-01-06T11:35:53 IST" skipped="0">
  <testcase classname="com.onlineshopping.qa.testcases.AccountPageTest" name="Login" time="4.833"/>
  <system-out/>
  <testcase classname="com.onlineshopping.qa.testcases.AccountPageTest" name="ValidateHeader" time="4.673"/>
  <system-out/>
</testsuite> <!-- com.onlineshopping.qa.testcases.AccountPageTest -->
